<?xml version="1.0" encoding="UTF-8"?>
<!-- Generated by org.testng.reporters.JUnitXMLReporter -->
<testsuite ignored="0" hostname="DESKTOP-QS1EE7R" failures="0" tests="6" name="Command line test" time="8.532" errors="0" timestamp="2025-12-03T15:08:03 GET">
  <testcase classname="framework.tests.api.LaunchesApiTest" name="createClusterTest" time="2.504"/>
  <testcase classname="framework.tests.api.LaunchesApiTest" name="deleteLaunch" time="0.659"/>
  <testcase classname="framework.tests.api.LaunchesApiTest" name="getLaunchByIdTest" time="1.073"/>
  <testcase classname="framework.tests.api.LaunchesApiTest" name="getLaunchReportTest" time="2.143"/>
  <testcase classname="framework.tests.api.LaunchesApiTest" name="getLaunchesTest" time="0.262"/>
  <testcase classname="framework.tests.api.LaunchesApiTest" name="updateLaunchInfoTest" time="0.726"/>
</testsuite> <!-- Command line test -->
