<?xml version="1.0" encoding="UTF-8"?>
<!-- Generated by org.testng.reporters.JUnitXMLReporter -->
<testsuite ignored="0" hostname="DESKTOP-QS1EE7R" failures="0" tests="6" name="Command line test" time="8.275" errors="0" timestamp="2025-11-24T11:01:35 GET">
  <testcase classname="framework.tests.api.LaunchesApiTest" name="createClusterTest" time="3.22"/>
  <testcase classname="framework.tests.api.LaunchesApiTest" name="deleteLaunch" time="0.691"/>
  <testcase classname="framework.tests.api.LaunchesApiTest" name="getLaunchByIdTest" time="1.552"/>
  <testcase classname="framework.tests.api.LaunchesApiTest" name="getLaunchReportTest" time="1.937"/>
  <testcase classname="framework.tests.api.LaunchesApiTest" name="getLaunchesTest" time="0.268"/>
  <testcase classname="framework.tests.api.LaunchesApiTest" name="updateLaunchInfoTest" time="0.528"/>
</testsuite> <!-- Command line test -->
