<?xml version="1.0" encoding="UTF-8"?>
<testng-results ignored="0" total="6" passed="6" failed="0" skipped="0">
  <reporter-output>
  </reporter-output>
  <suite started-at="2025-11-24T11:01:27 GET" name="Command line suite" finished-at="2025-11-24T11:01:35 GET" duration-ms="8275">
    <groups>
    </groups>
    <test started-at="2025-11-24T11:01:27 GET" name="Command line test" finished-at="2025-11-24T11:01:35 GET" duration-ms="8275">
      <class name="framework.tests.api.LaunchesApiTest">
        <test-method signature="createClusterTest()[pri:0, instance:framework.tests.api.LaunchesApiTest@15f47664]" started-at="2025-11-24T11:01:27 GET" name="createClusterTest" finished-at="2025-11-24T11:01:30 GET" duration-ms="3220" status="PASS">
          <reporter-output>
          </reporter-output>
        </test-method> <!-- createClusterTest -->
        <test-method signature="deleteLaunch()[pri:0, instance:framework.tests.api.LaunchesApiTest@15f47664]" started-at="2025-11-24T11:01:30 GET" name="deleteLaunch" finished-at="2025-11-24T11:01:31 GET" duration-ms="691" status="PASS">
          <reporter-output>
          </reporter-output>
        </test-method> <!-- deleteLaunch -->
        <test-method signature="getLaunchByIdTest()[pri:0, instance:framework.tests.api.LaunchesApiTest@15f47664]" started-at="2025-11-24T11:01:31 GET" name="getLaunchByIdTest" finished-at="2025-11-24T11:01:32 GET" duration-ms="1552" status="PASS">
          <reporter-output>
          </reporter-output>
        </test-method> <!-- getLaunchByIdTest -->
        <test-method signature="getLaunchReportTest()[pri:0, instance:framework.tests.api.LaunchesApiTest@15f47664]" started-at="2025-11-24T11:01:32 GET" name="getLaunchReportTest" finished-at="2025-11-24T11:01:34 GET" duration-ms="1937" status="PASS">
          <reporter-output>
          </reporter-output>
        </test-method> <!-- getLaunchReportTest -->
        <test-method signature="getLaunchesTest()[pri:0, instance:framework.tests.api.LaunchesApiTest@15f47664]" started-at="2025-11-24T11:01:34 GET" name="getLaunchesTest" finished-at="2025-11-24T11:01:34 GET" duration-ms="268" status="PASS">
          <reporter-output>
          </reporter-output>
        </test-method> <!-- getLaunchesTest -->
        <test-method signature="updateLaunchInfoTest()[pri:0, instance:framework.tests.api.LaunchesApiTest@15f47664]" started-at="2025-11-24T11:01:34 GET" name="updateLaunchInfoTest" finished-at="2025-11-24T11:01:35 GET" duration-ms="528" status="PASS">
          <reporter-output>
          </reporter-output>
        </test-method> <!-- updateLaunchInfoTest -->
      </class> <!-- framework.tests.api.LaunchesApiTest -->
    </test> <!-- Command line test -->
  </suite> <!-- Command line suite -->
</testng-results>
