<?xml version="1.0" encoding="UTF-8"?>
<!-- Generated by org.testng.reporters.JUnitReportReporter -->
<testsuite hostname="DESKTOP-QS1EE7R" failures="0" tests="6" name="framework.tests.api.LaunchesApiTest" time="8.196" errors="0" timestamp="2025-11-24T11:01:35 GET" skipped="0">
  <testcase classname="framework.tests.api.LaunchesApiTest" name="getLaunchesTest" time="0.268"/>
  <testcase classname="framework.tests.api.LaunchesApiTest" name="updateLaunchInfoTest" time="0.528"/>
  <testcase classname="framework.tests.api.LaunchesApiTest" name="deleteLaunch" time="0.691"/>
  <testcase classname="framework.tests.api.LaunchesApiTest" name="createClusterTest" time="3.220"/>
  <testcase classname="framework.tests.api.LaunchesApiTest" name="getLaunchReportTest" time="1.937"/>
  <testcase classname="framework.tests.api.LaunchesApiTest" name="getLaunchByIdTest" time="1.552"/>
</testsuite> <!-- framework.tests.api.LaunchesApiTest -->
