<?xml version="1.0" encoding="UTF-8"?>
<!-- Generated by org.testng.reporters.JUnitReportReporter -->
<testsuite hostname="DESKTOP-QS1EE7R" failures="0" tests="6" name="framework.tests.api.LaunchesApiTest" time="7.367" errors="0" timestamp="2025-12-03T15:08:03 GET" skipped="0">
  <testcase classname="framework.tests.api.LaunchesApiTest" name="getLaunchesTest" time="0.262"/>
  <testcase classname="framework.tests.api.LaunchesApiTest" name="updateLaunchInfoTest" time="0.726"/>
  <testcase classname="framework.tests.api.LaunchesApiTest" name="getLaunchReportTest" time="2.143"/>
  <testcase classname="framework.tests.api.LaunchesApiTest" name="getLaunchByIdTest" time="1.073"/>
  <testcase classname="framework.tests.api.LaunchesApiTest" name="deleteLaunch" time="0.659"/>
  <testcase classname="framework.tests.api.LaunchesApiTest" name="createClusterTest" time="2.504"/>
</testsuite> <!-- framework.tests.api.LaunchesApiTest -->
